<testsuite failures="0" name="src/test/java/FeatureFiles/karate04.feature" skipped="0" tests="1" time="1.354326">
  <testcase classname="src.test.java.FeatureFiles.karate04" name="SOAP API testing" time="1.354326">
    <system-out>Given url "https://www.w3schools.com/xml/tempconvert.asmx" ................ passed
And header Content-Type = "text/xml; charset=utf-8" ....................... passed
And request ............................................................... passed
When soap action "https://www.w3schools.com/xml/CelsiusToFahrenheit" ...... passed
Then status 200 ........................................................... passed
And match response contains "98.6" ........................................ passed
* match response //CelsiusToFahrenheitResponse/CelsiusToFahrenheitResult == "98.6" . passed
* match responseHeaders['Server'] == ['Microsoft-IIS/7.5'] ................ passed
* match responseHeaders['Server'][0] == 'Microsoft-IIS/7.5' ............... passed
* assert responseTime &lt;= 2000 ............................................. passed</system-out>
  </testcase>
</testsuite>
