<testsuite failures="0" name="src/test/java/FeatureFiles/karate10.feature" skipped="0" tests="1" time="1.326142">
  <testcase classname="src.test.java.FeatureFiles.karate10" name="URL &amp; path Usage test case2" time="1.326142">
    <system-out>Given url "https://reqres.in" ............................................. passed
And path "/api/users" ..................................................... passed
And param page = 2 ........................................................ passed
When method get ........................................................... passed
Then status 200 ........................................................... passed
And match response.page == 2 .............................................. passed</system-out>
  </testcase>
</testsuite>
