<testsuite failures="0" name="src/test/java/FeatureFiles/karate12.feature" skipped="0" tests="1" time="0.070953">
  <testcase classname="src.test.java.FeatureFiles.karate12" name="Java script test case1" time="0.070953">
    <system-out>* def fn1 = function(){return 10;} ........................................ passed
* def fn2 = ............................................................... passed
* print fn1() ............................................................. passed
* fn2('shiv') ............................................................. passed</system-out>
  </testcase>
</testsuite>
