<testsuite failures="0" name="FeatureFiles/karate02.feature" skipped="0" tests="3" time="0.026765">
  <testcase classname="FeatureFiles.karate02" name="Json_test_01" time="0.019211">
    <system-out>Given def json =  { "id" : "101", "tool": { "name":"Karate", "version":"0.9.6"}} . passed
* print json .............................................................. passed
Then assert json.id == "101" .............................................. passed
* assert json.tool.name == "Karate" ....................................... passed
* assert json.tool.version == "0.9.6" ..................................... passed
* match json.tool == { "name":"Karate", "version":"0.9.6"} ................ passed</system-out>
  </testcase>
  <testcase classname="FeatureFiles.karate02" name="Json_test_02" time="0.004997">
    <system-out>Given def json =  { "id" : "101", "tool": { "name":"Karate", "version":"0.9.6"}} . passed
* print json .............................................................. passed
Then assert json.id == "101" .............................................. passed
* assert json.tool.name == "Karate" ....................................... passed
* assert json.tool.version == "0.9.6" ..................................... passed
* match json.tool == { "name":"Karate", "version":"0.9.6"} ................ passed
Given def json = .......................................................... passed
* print json .............................................................. passed
Then assert json.id == "101" .............................................. passed
* assert json.tool.name == "Karate" ....................................... passed
* assert json.tool.version == "0.9.6" ..................................... passed
* match json.tool == { "name":"Karate", "version":"0.9.6"} ................ passed</system-out>
  </testcase>
  <testcase classname="FeatureFiles.karate02" name="Json_test_03" time="0.002557">
    <system-out>Given def json =  { "id" : "101", "tool": { "name":"Karate", "version":"0.9.6"}} . passed
* print json .............................................................. passed
Then assert json.id == "101" .............................................. passed
* assert json.tool.name == "Karate" ....................................... passed
* assert json.tool.version == "0.9.6" ..................................... passed
* match json.tool == { "name":"Karate", "version":"0.9.6"} ................ passed
Given def json = .......................................................... passed
* print json .............................................................. passed
Then assert json.id == "101" .............................................. passed
* assert json.tool.name == "Karate" ....................................... passed
* assert json.tool.version == "0.9.6" ..................................... passed
* match json.tool == { "name":"Karate", "version":"0.9.6"} ................ passed
Given def json =  { "id" : "101", "tool": { "name":"Karate", "version":"0.9.6"}} . passed
* print json .............................................................. passed
Then assert json.id == "101" .............................................. passed
* assert json.tool.name == "Karate" ....................................... passed
* assert json.tool.version == "0.9.6" ..................................... passed
* match json.tool == { "name":"Karate", "version":"0.9.6"} ................ passed</system-out>
  </testcase>
</testsuite>
