<testsuite failures="0" name="FeatureFiles/karate06.feature" skipped="0" tests="1" time="0.307393">
  <testcase classname="FeatureFiles.karate06" name="REST API testing" time="0.307393">
    <system-out>Given url "https://www.w3schools.com/xml/tempconvert.asmx/CelsiusToFahrenheit" . passed
And header Content-Type = "application/x-www-form-urlencoded" ............. passed
And request "Celsius=40" .................................................. passed
When method post .......................................................... passed
Then status 200 ........................................................... passed
And match response contains "104" ......................................... passed
* match response //string == "104" ........................................ passed
* match responseHeaders['Server'] == ['Microsoft-IIS/7.5'] ................ passed
* match responseHeaders['Server'][0] == 'Microsoft-IIS/7.5' ............... passed
* assert responseTime &lt;= 2000 ............................................. passed</system-out>
  </testcase>
</testsuite>
