<testsuite failures="0" name="FeatureFiles/karate01.feature" skipped="0" tests="3" time="0.05287">
  <testcase classname="FeatureFiles.karate01" name="Karate_test_01" time="0.027845">
    <system-out>Given def a = 10 .......................................................... passed
And def b = 20 ............................................................ passed
When def c = a + b ........................................................ passed
Then assert c == 30 ....................................................... passed
And print "C = ",  c ...................................................... passed
And karate.log("Test case 1 ended") ....................................... passed</system-out>
  </testcase>
  <testcase classname="FeatureFiles.karate01" name="Karate_test_02" time="0.013715">
    <system-out>Given def a = 10 .......................................................... passed
And def b = 20 ............................................................ passed
When def c = a + b ........................................................ passed
Then assert c == 30 ....................................................... passed
And print "C = ",  c ...................................................... passed
And karate.log("Test case 1 ended") ....................................... passed
Given def a = 10 .......................................................... passed
* def b = 20 .............................................................. passed
When def c = a * b ........................................................ passed
Then assert c == 200 ...................................................... passed
* print "C = ",  c ........................................................ passed
* karate.log("Test case 2 ended") ......................................... passed</system-out>
  </testcase>
  <testcase classname="FeatureFiles.karate01" name="Karate_test_03" time="0.01131">
    <system-out>Given def a = 10 .......................................................... passed
And def b = 20 ............................................................ passed
When def c = a + b ........................................................ passed
Then assert c == 30 ....................................................... passed
And print "C = ",  c ...................................................... passed
And karate.log("Test case 1 ended") ....................................... passed
Given def a = 10 .......................................................... passed
* def b = 20 .............................................................. passed
When def c = a * b ........................................................ passed
Then assert c == 200 ...................................................... passed
* print "C = ",  c ........................................................ passed
* karate.log("Test case 2 ended") ......................................... passed
* def a = 10 .............................................................. passed
* def b = 25 .............................................................. passed
* def c = a * b ........................................................... passed
* assert c == 250 ......................................................... passed
* print "C = ",  c ........................................................ passed
* karate.log("Test case 3 ended") ......................................... passed</system-out>
  </testcase>
</testsuite>
