<testsuite failures="0" name="FeatureFiles/writingResponseToFile.feature" skipped="0" tests="1" time="0.371546">
  <testcase classname="FeatureFiles.writingResponseToFile" name="Example1" time="0.371546">
    <system-out>* def lib = Java.type('Misc.MyUtil') ...................................... passed
Given url "https://reqres.in/api/users/10" ................................ passed
When method get ........................................................... passed
Then status 200 ........................................................... passed
* def res2 = get response $.data .......................................... passed
* lib.writeToFile("res2.json", res2) ...................................... passed
* def res2 = read("classpath:res2.json") .................................. passed
* print res1 .............................................................. passed
* print res2 .............................................................. passed
* def id =  response.data.id .............................................. passed
* print res2.last_name .................................................... passed
* def name = res2.last_name ............................................... passed
* def json1 = {"last_name" : #(name)} ..................................... passed
* print json1 ............................................................. passed
Given url "https://www.w3schools.com/xml/tempconvert.asmx" ................ passed
And header Content-Type = "text/xml; charset=utf-8" ....................... passed
And request read('../PayloadData/soapAPIInput.xml') ....................... passed
When soap action "https://www.w3schools.com/xml/CelsiusToFahrenheit" ...... passed
Then status 200 ........................................................... passed</system-out>
  </testcase>
</testsuite>
