<testsuite failures="1" name="FeatureFiles/karate03.feature" skipped="0" tests="2" time="0.141929">
  <testcase classname="FeatureFiles.karate03" name="XML_test case 01" time="0.061525">
    <system-out>Given def xml = &lt;info&gt;&lt;id&gt;101&lt;/id&gt;&lt;tool&gt;&lt;name&gt;Karate&lt;/name&gt;&lt;version&gt;0.9.6&lt;/version&gt;&lt;/tool&gt;&lt;/info&gt; . passed
Then print xml ............................................................ passed
* match xml/info/id == "101" .............................................. passed
* match xml.info.id == "101" .............................................. passed
* match xml/info/tool contains "&lt;name&gt;Karate&lt;/name&gt;&lt;version&gt;0.9.6&lt;/version&gt;" . passed
* match xml contains "version" ............................................ passed</system-out>
  </testcase>
  <testcase classname="FeatureFiles.karate03" name="XML_test case 02" time="0.080404">
    <failure message="karate03.feature:34 - tried to access field com.sun.org.apache.xerces.internal.dom.ParentNode.firstChild from class com.sun.org.apache.xerces.internal.dom.DocumentImplAccAccess">Given def xml = &lt;info&gt;&lt;id&gt;101&lt;/id&gt;&lt;tool&gt;&lt;name&gt;Karate&lt;/name&gt;&lt;version&gt;0.9.6&lt;/version&gt;&lt;/tool&gt;&lt;/info&gt; . passed
Then print xml ............................................................ passed
* match xml/info/id == "101" .............................................. passed
* match xml.info.id == "101" .............................................. passed
* match xml/info/tool contains "&lt;name&gt;Karate&lt;/name&gt;&lt;version&gt;0.9.6&lt;/version&gt;" . passed
* match xml contains "version" ............................................ passed
Given def xml = ........................................................... passed
Then print xml ............................................................ passed
* match xml/info/id == "101" .............................................. passed
* match xml.info.id == "101" .............................................. passed
* match xml/info/tool[2] contains "&lt;name&gt;IntelliJ&lt;/name&gt;&lt;version&gt;2020.2&lt;/version&gt;" . passed
* match xml contains "version" ............................................ passed
* match xml/info/tool contains  "&lt;name&gt;IntelliJ&lt;/name&gt;&lt;version&gt;2020.2&lt;/version&gt;" . failed

Stack Trace:
com.intuit.karate.exception.KarateException: karate03.feature:34 - tried to access field com.sun.org.apache.xerces.internal.dom.ParentNode.firstChild from class com.sun.org.apache.xerces.internal.dom.DocumentImplAccAccess&#13;
	at ✽.* match xml/info/tool contains  "&lt;name&gt;IntelliJ&lt;/name&gt;&lt;version&gt;2020.2&lt;/version&gt;" (karate03.feature:34)</failure>
  </testcase>
</testsuite>
