<testsuite failures="0" name="FeatureFiles/called_feature.feature" skipped="0" tests="1" time="0.904367">
  <testcase classname="FeatureFiles.called_feature" name="URL &amp; path Usage test case" time="0.904367">
    <system-out>Given url "https://reqres.in" ............................................. passed
And path "/api/users?page=2" .............................................. passed
When method get ........................................................... passed
Then status 200 ........................................................... passed
And match response.page == "##" ........................................... passed</system-out>
  </testcase>
</testsuite>
